---------------------------------
Sat Sep 23 18:22:38 CDT 2017
---------------------------------
% The graphical front-end will be used for subsequent tracing
Warning: /opt/eclipse/plugins/org.cs3.pdt.common_3.1.2.201504300958/pl/metainference/pdt_prolog_metainference.pl:15:
	'/opt/eclipse/plugins/org.cs3.pdt.common_3.1.2.201504300958/pl/metainference/pdt_prolog_metainference.pl':19:13: Illegal UTF-8 continuation
Warning: /opt/eclipse/plugins/org.cs3.prolog.library_3.1.2.201504300958/pl/utils4modules_visibility.pl:25:
	'/opt/eclipse/plugins/org.cs3.prolog.library_3.1.2.201504300958/pl/utils4modules_visibility.pl':47:3: Illegal UTF-8 continuation
Warning: /opt/eclipse/plugins/org.cs3.prolog.library_3.1.2.201504300958/pl/lists.pl:17:
	'/opt/eclipse/plugins/org.cs3.prolog.library_3.1.2.201504300958/pl/lists.pl':17:50: Illegal UTF-8 continuation
Warning: /opt/eclipse/plugins/org.cs3.prolog.library_3.1.2.201504300958/pl/utils4modules.pl:20:
	'/opt/eclipse/plugins/org.cs3.prolog.library_3.1.2.201504300958/pl/utils4modules.pl':37:3: Illegal UTF-8 continuation
Warning: /opt/eclipse/plugins/org.cs3.prolog.library_3.1.2.201504300958/pl/logging.pl:19:
	'/opt/eclipse/plugins/org.cs3.prolog.library_3.1.2.201504300958/pl/logging.pl':24:3: Illegal UTF-8 continuation
Warning: /opt/eclipse/plugins/org.cs3.prolog.library_3.1.2.201504300958/pl/count.pl:22:
	'/opt/eclipse/plugins/org.cs3.prolog.library_3.1.2.201504300958/pl/count.pl':29:3: Illegal UTF-8 continuation
Warning: /opt/eclipse/plugins/org.cs3.prolog.library_3.1.2.201504300958/pl/database.pl:18:
	'/opt/eclipse/plugins/org.cs3.prolog.library_3.1.2.201504300958/pl/database.pl':22:3: Illegal UTF-8 continuation
Warning: /opt/eclipse/plugins/org.cs3.pdt.common_3.1.2.201504300958/pl/xref/pdt_xref.pl:450:
	'/opt/eclipse/plugins/org.cs3.pdt.common_3.1.2.201504300958/pl/xref/pdt_xref.pl':450:0: Illegal UTF-8 continuation
Warning: /opt/eclipse/plugins/org.cs3.prolog.library_3.1.2.201504300958/pl/database_cache.pl:25:
	'/opt/eclipse/plugins/org.cs3.prolog.library_3.1.2.201504300958/pl/database_cache.pl':31:2: Illegal UTF-8 continuation
Warning: /opt/eclipse/plugins/org.cs3.pdt.editor_3.1.2.201504300958/pl/editor/load.pl:20:
	'/opt/eclipse/plugins/org.cs3.pdt.editor_3.1.2.201504300958/pl/editor/load.pl':20:42: Illegal UTF-8 continuation
---------------------------------
Sat Sep 23 19:02:23 CDT 2017
---------------------------------
% The graphical front-end will be used for subsequent tracing
Warning: /opt/eclipse/plugins/org.cs3.pdt.common_3.1.2.201504300958/pl/metainference/pdt_prolog_metainference.pl:15:
	'/opt/eclipse/plugins/org.cs3.pdt.common_3.1.2.201504300958/pl/metainference/pdt_prolog_metainference.pl':19:13: Illegal UTF-8 continuation
Warning: /opt/eclipse/plugins/org.cs3.prolog.library_3.1.2.201504300958/pl/utils4modules_visibility.pl:25:
	'/opt/eclipse/plugins/org.cs3.prolog.library_3.1.2.201504300958/pl/utils4modules_visibility.pl':47:3: Illegal UTF-8 continuation
Warning: /opt/eclipse/plugins/org.cs3.prolog.library_3.1.2.201504300958/pl/lists.pl:17:
	'/opt/eclipse/plugins/org.cs3.prolog.library_3.1.2.201504300958/pl/lists.pl':17:50: Illegal UTF-8 continuation
Warning: /opt/eclipse/plugins/org.cs3.prolog.library_3.1.2.201504300958/pl/utils4modules.pl:20:
	'/opt/eclipse/plugins/org.cs3.prolog.library_3.1.2.201504300958/pl/utils4modules.pl':37:3: Illegal UTF-8 continuation
Warning: /opt/eclipse/plugins/org.cs3.prolog.library_3.1.2.201504300958/pl/logging.pl:19:
	'/opt/eclipse/plugins/org.cs3.prolog.library_3.1.2.201504300958/pl/logging.pl':24:3: Illegal UTF-8 continuation
Warning: /opt/eclipse/plugins/org.cs3.prolog.library_3.1.2.201504300958/pl/count.pl:22:
	'/opt/eclipse/plugins/org.cs3.prolog.library_3.1.2.201504300958/pl/count.pl':29:3: Illegal UTF-8 continuation
Warning: /opt/eclipse/plugins/org.cs3.prolog.library_3.1.2.201504300958/pl/database.pl:18:
	'/opt/eclipse/plugins/org.cs3.prolog.library_3.1.2.201504300958/pl/database.pl':22:3: Illegal UTF-8 continuation
Warning: /opt/eclipse/plugins/org.cs3.pdt.common_3.1.2.201504300958/pl/xref/pdt_xref.pl:450:
	'/opt/eclipse/plugins/org.cs3.pdt.common_3.1.2.201504300958/pl/xref/pdt_xref.pl':450:0: Illegal UTF-8 continuation
Warning: /opt/eclipse/plugins/org.cs3.prolog.library_3.1.2.201504300958/pl/database_cache.pl:25:
	'/opt/eclipse/plugins/org.cs3.prolog.library_3.1.2.201504300958/pl/database_cache.pl':31:2: Illegal UTF-8 continuation
Warning: /opt/eclipse/plugins/org.cs3.pdt.editor_3.1.2.201504300958/pl/editor/load.pl:20:
	'/opt/eclipse/plugins/org.cs3.pdt.editor_3.1.2.201504300958/pl/editor/load.pl':20:42: Illegal UTF-8 continuation
Failed to analyse:
'<head>' :-
	(   phrase(" ", A, _),
	    append(B, A, D)
	->  number_codes(C, B)
	;   number_codes(C, D)
	).
% Found new meta-predicates in iteration 1 (1.743 sec)
% :- meta_predicate pdt_prolog_codewalk:pdt_prolog_walk_code(:).
% :- meta_predicate pdt_prolog_codewalk:undefined(:,*,*).
% :- meta_predicate pdt_prolog_codewalk:walk_called_by_pred(:,*).
% :- meta_predicate pdt_xref:find_unique(^).
% :- meta_predicate pdt_xref:assert_result(*,*,:,*,*).
% :- meta_predicate ctc_time:ctc_time(0,*,*).
% :- meta_predicate ctc_time:ctc_time(0,*).
% :- meta_predicate pl_to_graphML:hide_pdt_metapredicates(:).
% :- meta_predicate pl_to_graphML:hide_swi_metapredicates(:).
% :- meta_predicate pl_to_graphML:hide_pdt_predicates(:).
% :- meta_predicate pl_to_graphML:hide_swi_predicates(:).
% :- meta_predicate database:assert_unique_fact([0,database]).
% :- meta_predicate logging:do_with_logging_disabled(0).
% :- meta_predicate logging:do_if_logging_enabled(0).
% :- meta_predicate logging:do_with_logging_enabled(0).
% :- meta_predicate logging:assert_logging(database).
% :- meta_predicate logging:log(+,+,:).
% :- meta_predicate logging:write_on_stdout(+,:).
% :- meta_predicate logging:consult_silent_if_logging_disabled(:).
% :- meta_predicate logging:consult_silent(:).
% :- meta_predicate user:index_information(:,*).
% :- meta_predicate user:mapPredicate(has_arity(3,0),*,*,*).
% :- meta_predicate user:printf(+,:).
% :- meta_predicate user:my_call_cleanup(0,0).
% :- meta_predicate user:retractT([0,database]).
% :- meta_predicate user:assert1T([0,database]).
% :- meta_predicate count:count_all_and_unique(0,*,*).
% :- meta_predicate count:count_and_print(0,*).
% :- meta_predicate count:count(0,*).
% :- meta_predicate count:count_unique(0,*,*).
% :- meta_predicate count:count_facts(:,*).
% :- meta_predicate listing:listing_if_defined(:).
% :- meta_predicate properties:look_for_kind_and_property(:,*,?).
% :- meta_predicate properties:entity_property(:,*,*).
% :- meta_predicate properties:add_properties_to_list(:,*,*,*,*).
% :- meta_predicate pdt_search:find_lines(:,*,*,*).
% :- meta_predicate pdt_call_graph:assert_edge(:,:,*,*).
% :- meta_predicate pdt_call_analysis:assert_result(*,:,*,*).
% :- meta_predicate utils4modules:retract_in_module(*,database).
% :- meta_predicate utils4modules:assert_in_module(*,database).
% :- meta_predicate utils4modules:retractall_in_module(*,database).
% :- meta_predicate utils4modules:assert_in_module(*,database,*).
% :- meta_predicate consult_server:all_solutions(*,0,*).
% :- meta_predicate consult_server:solutions_until_cut(*,0,*).
% :- meta_predicate consult_server:my_format(+,+,:).
% :- meta_predicate consult_server:call_save(*,0).
% :- meta_predicate consult_server:iterate_solutions(*,+,0,*).
% :- meta_predicate consult_server:with_interrupts(*,0).
% :- meta_predicate consult_server:one_solution(+,0,*).
% :- meta_predicate consult_server:my_format(+,:).
% :- meta_predicate consult_server:solutions_weak_until_cut(+,0,*).
% :- meta_predicate ctc_util_files:with_output_to_file(*,*,0).
% :- meta_predicate ctc_util_files:with_input_from(*,0).
% :- meta_predicate ctc_util_files:consult_if_not_yet(:,:).
% :- meta_predicate ctc_util_files:predicate_loaded_from(:,*).
% :- meta_predicate general:prolog_iteration_via_backtracking(0).
% :- meta_predicate general:repeat_n_times_loop(0,*).
% :- meta_predicate general:built_in(:).
% :- meta_predicate general:has_property(:,?,*).
% :- meta_predicate ctc_lists:aformat(*,+,:).
% :- meta_predicate ctc_lists:traverseList(*,*,0).
% :- meta_predicate database_cache:generate_in_module(*,database,0,*).
% :- meta_predicate database_cache:retractall_generated_in_module(*,database).
% Restarting analysis ...
% Found new meta-predicates in iteration 1 (0.013 sec)
% :- meta_predicate consult_server:all_solutions(+,0,*).
% :- meta_predicate ctc_time:performance(0,*,*).
% :- meta_predicate ctc_time:performance(0,*,*,*).
% :- meta_predicate ctc_time:performanceUnique(0,*,*,*).
% :- meta_predicate ctc_util_files:export_goal_output(*,0).
% :- meta_predicate ctc_util_files:with_output_to_file(*,0).
% :- meta_predicate database:assert_unique([0,database]).
% :- meta_predicate database:assert_unique_ground_fact([0,database]).
% :- meta_predicate database_cache:generate_all_in_module(*,database,*,*).
% :- meta_predicate database_cache:generate_in_module(*,database,0).
% :- meta_predicate general:all(0).
% :- meta_predicate general:repeat_n_times(0,*).
% :- meta_predicate logging:ctc_error(*,:).
% :- meta_predicate logging:log_on_stdout(+,:).
% :- meta_predicate logging:silent(0).
% :- meta_predicate logging:verbose(0).
% :- meta_predicate pdt_call_graph:pdt_walk_code(:).
% :- meta_predicate properties:get_property_list(:,*,*,*).
% :- meta_predicate utils4modules:move_module_predicate(*,*,database).
% :- meta_predicate utils4modules:replace_module_predicate(*,database,database).
% Restarting analysis ...
% Found new meta-predicates in iteration 1 (0.007 sec)
% :- meta_predicate ctc_util_files:export_all_results(*,0).
% :- meta_predicate ctc_util_files:with_output_to_folder(*,*,0).
% :- meta_predicate database_cache:generate_all_in_module(*,database,*).
% :- meta_predicate database_cache:generate_all_in_module(*,database,0,*).
% :- meta_predicate logging:ctc_info(*,:).
% :- meta_predicate logging:ctc_warning(*,:).
% :- meta_predicate logging:log_once_to_file(*,0).
% Restarting analysis ...
% Found new meta-predicates in iteration 1 (0.001 sec)
% :- meta_predicate ctc_util_files:report_to_file_in_ctchome(0,*).
% :- meta_predicate ctc_util_files:with_output_to_folder(*,0).
% :- meta_predicate database_cache:generate_all_in_module(*,database,0).
% Restarting analysis ...
% Found new meta-predicates in iteration 1 (0.000 sec)
% :- meta_predicate ctc_util_files:report_to_file(*,0).
% :- meta_predicate ctc_util_files:report_to_file_in_ctchome(0).
% Restarting analysis ...
% Found new meta-predicates in iteration 1 (0.000 sec)
% :- meta_predicate ctc_util_files:report_to_file_ctc(0).
% Restarting analysis ...
---------------------------------
Sat Sep 23 19:05:20 CDT 2017
---------------------------------
% The graphical front-end will be used for subsequent tracing
Warning: /opt/eclipse/plugins/org.cs3.pdt.common_3.1.2.201504300958/pl/metainference/pdt_prolog_metainference.pl:15:
	'/opt/eclipse/plugins/org.cs3.pdt.common_3.1.2.201504300958/pl/metainference/pdt_prolog_metainference.pl':19:13: Illegal UTF-8 continuation
Warning: /opt/eclipse/plugins/org.cs3.prolog.library_3.1.2.201504300958/pl/utils4modules_visibility.pl:25:
	'/opt/eclipse/plugins/org.cs3.prolog.library_3.1.2.201504300958/pl/utils4modules_visibility.pl':47:3: Illegal UTF-8 continuation
Warning: /opt/eclipse/plugins/org.cs3.prolog.library_3.1.2.201504300958/pl/lists.pl:17:
	'/opt/eclipse/plugins/org.cs3.prolog.library_3.1.2.201504300958/pl/lists.pl':17:50: Illegal UTF-8 continuation
Warning: /opt/eclipse/plugins/org.cs3.prolog.library_3.1.2.201504300958/pl/utils4modules.pl:20:
	'/opt/eclipse/plugins/org.cs3.prolog.library_3.1.2.201504300958/pl/utils4modules.pl':37:3: Illegal UTF-8 continuation
Warning: /opt/eclipse/plugins/org.cs3.prolog.library_3.1.2.201504300958/pl/logging.pl:19:
	'/opt/eclipse/plugins/org.cs3.prolog.library_3.1.2.201504300958/pl/logging.pl':24:3: Illegal UTF-8 continuation
Warning: /opt/eclipse/plugins/org.cs3.prolog.library_3.1.2.201504300958/pl/count.pl:22:
	'/opt/eclipse/plugins/org.cs3.prolog.library_3.1.2.201504300958/pl/count.pl':29:3: Illegal UTF-8 continuation
Warning: /opt/eclipse/plugins/org.cs3.prolog.library_3.1.2.201504300958/pl/database.pl:18:
	'/opt/eclipse/plugins/org.cs3.prolog.library_3.1.2.201504300958/pl/database.pl':22:3: Illegal UTF-8 continuation
Warning: /opt/eclipse/plugins/org.cs3.pdt.common_3.1.2.201504300958/pl/xref/pdt_xref.pl:450:
	'/opt/eclipse/plugins/org.cs3.pdt.common_3.1.2.201504300958/pl/xref/pdt_xref.pl':450:0: Illegal UTF-8 continuation
Warning: /opt/eclipse/plugins/org.cs3.prolog.library_3.1.2.201504300958/pl/database_cache.pl:25:
	'/opt/eclipse/plugins/org.cs3.prolog.library_3.1.2.201504300958/pl/database_cache.pl':31:2: Illegal UTF-8 continuation
Warning: /opt/eclipse/plugins/org.cs3.pdt.editor_3.1.2.201504300958/pl/editor/load.pl:20:
	'/opt/eclipse/plugins/org.cs3.pdt.editor_3.1.2.201504300958/pl/editor/load.pl':20:42: Illegal UTF-8 continuation
